\BOOKMARK [0][-]{bm:Title.0}{\376\377\000T\000i\000t\000l\000e\000\040\000P\000a\000g\000e}{}% 1
\BOOKMARK [0][-]{bm:Copyright.0}{\376\377\000C\000o\000p\000y\000r\000i\000g\000h\000t}{}% 2
\BOOKMARK [-1][-]{section*.1}{\376\377\000A\000C\000K\000N\000O\000W\000L\000E\000D\000G\000M\000E\000N\000T}{}% 3
\BOOKMARK [0][-]{bm:Acknowledge.0}{\376\377\000A\000c\000k\000n\000o\000w\000l\000e\000d\000g\000m\000e\000n\000t\000s}{section*.1}% 4
\BOOKMARK [-1][-]{section*.2}{\376\377\000A\000B\000S\000T\000R\000A\000C\000T}{}% 5
\BOOKMARK [0][-]{bm:Abstract.0}{\376\377\000A\000b\000s\000t\000r\000a\000c\000t}{section*.2}% 6
\BOOKMARK [-1][-]{section*.3}{\376\377\000L\000I\000S\000T\000\040\000O\000F\000\040\000C\000O\000D\000E\000\040\000L\000I\000S\000T\000I\000N\000G\000S}{}% 7
\BOOKMARK [-1][-]{section*.4}{\376\377\000L\000I\000S\000T\000\040\000O\000F\000\040\000F\000I\000G\000U\000R\000E\000S}{}% 8
\BOOKMARK [0][-]{chapter.1}{\376\377\0001\000\040\000I\000n\000t\000r\000o\000d\000u\000c\000t\000i\000o\000n}{section*.4}% 9
\BOOKMARK [0][-]{chapter.2}{\376\377\0002\000\040\000B\000a\000c\000k\000g\000r\000o\000u\000n\000d}{section*.4}% 10
\BOOKMARK [1][-]{section.2.1}{\376\377\0002\000.\0001\000\040\000S\000c\000h\000r\000\366\000d\000i\000n\000g\000e\000r\000\040\000e\000q\000u\000a\000t\000i\000o\000n}{chapter.2}% 11
\BOOKMARK [1][-]{section.2.2}{\376\377\0002\000.\0002\000\040\000G\000r\000o\000s\000s\000-\000P\000i\000t\000a\000e\000v\000s\000k\000i\000i\000\040\000e\000q\000u\000a\000t\000i\000o\000n}{chapter.2}% 12
\BOOKMARK [1][-]{section.2.3}{\376\377\0002\000.\0003\000\040\000C\000h\000a\000o\000s\000\040\000a\000n\000d\000\040\000L\000y\000a\000p\000u\000n\000o\000v\000\040\000e\000x\000p\000o\000n\000e\000n\000t\000s}{chapter.2}% 13
\BOOKMARK [1][-]{section.2.4}{\376\377\0002\000.\0004\000\040\000N\000u\000m\000e\000r\000i\000c\000a\000l\000\040\000m\000e\000t\000h\000o\000d\000s}{chapter.2}% 14
\BOOKMARK [0][-]{chapter.3}{\376\377\0003\000\040\000P\000r\000o\000c\000e\000d\000u\000r\000e\000s}{section*.4}% 15
\BOOKMARK [1][-]{section.3.1}{\376\377\0003\000.\0001\000\040\000N\000u\000m\000e\000r\000i\000c\000a\000l\000\040\000D\000e\000r\000i\000v\000a\000t\000i\000v\000e\000s}{chapter.3}% 16
\BOOKMARK [2][-]{subsection.3.1.1}{\376\377\0003\000.\0001\000.\0001\000\040\000M\000a\000t\000r\000i\000x\000\040\000f\000o\000r\000m\000u\000l\000a\000t\000i\000o\000n}{section.3.1}% 17
\BOOKMARK [1][-]{section.3.2}{\376\377\0003\000.\0002\000\040\000G\000r\000o\000s\000s\000-\000P\000i\000t\000a\000e\000v\000s\000k\000i\000i\000\040\000e\000q\000u\000a\000t\000i\000o\000n\000\040\000a\000n\000d\000\040\000t\000i\000m\000e\000\040\000e\000v\000o\000l\000u\000t\000i\000o\000n}{chapter.3}% 18
\BOOKMARK [1][-]{section.3.3}{\376\377\0003\000.\0003\000\040\000I\000n\000i\000t\000i\000a\000l\000\040\000m\000a\000n\000y\000-\000b\000o\000d\000y\000\040\000w\000a\000v\000e\000f\000u\000n\000c\000t\000i\000o\000n}{chapter.3}% 19
\BOOKMARK [1][-]{section.3.4}{\376\377\0003\000.\0004\000\040\000L\000y\000a\000p\000u\000n\000o\000v\000\040\000e\000x\000p\000o\000n\000e\000n\000t\000\040\000c\000a\000l\000c\000u\000l\000a\000t\000i\000o\000n}{chapter.3}% 20
\BOOKMARK [1][-]{section.3.5}{\376\377\0003\000.\0005\000\040\000E\000x\000p\000e\000r\000i\000m\000e\000n\000t\000a\000l\000\040\000v\000a\000l\000u\000e\000s}{chapter.3}% 21
\BOOKMARK [0][-]{chapter.4}{\376\377\0004\000\040\000F\000i\000n\000d\000i\000n\000g\000s}{section*.4}% 22
\BOOKMARK [1][-]{section.4.1}{\376\377\0004\000.\0001\000\040\000E\000r\000r\000o\000r\000\040\000a\000n\000a\000l\000y\000s\000i\000s}{chapter.4}% 23
\BOOKMARK [2][-]{subsection.4.1.1}{\376\377\0004\000.\0001\000.\0001\000\040\000R\000e\000v\000e\000r\000s\000e\000\040\000t\000i\000m\000e\000\040\000e\000v\000o\000l\000u\000t\000i\000o\000n}{section.4.1}% 24
\BOOKMARK [0][-]{chapter.5}{\376\377\0005\000\040\000C\000o\000n\000c\000l\000u\000s\000i\000o\000n\000s}{section*.4}% 25
\BOOKMARK [0][-]{chapter.6}{\376\377\0006\000\040\000A\000p\000p\000e\000n\000d\000i\000c\000e\000s}{section*.4}% 26
\BOOKMARK [-1][-]{chapter*.16}{\376\377\000R\000E\000F\000E\000R\000E\000N\000C\000E\000S}{}% 27
