\BOOKMARK [1][-]{section.1}{Introduction}{}% 1
\BOOKMARK [2][-]{subsection.1.1}{Specifications}{section.1}% 2
\BOOKMARK [2][-]{subsection.1.2}{Block diagram}{section.1}% 3
\BOOKMARK [1][-]{section.2}{Design and Simulation Results}{}% 4
\BOOKMARK [2][-]{subsection.2.1}{Wien bridge oscillator}{section.2}% 5
\BOOKMARK [3][-]{subsubsection.2.1.1}{Design}{subsection.2.1}% 6
\BOOKMARK [3][-]{subsubsection.2.1.2}{Simulation}{subsection.2.1}% 7
\BOOKMARK [2][-]{subsection.2.2}{Switching Modulator}{section.2}% 8
\BOOKMARK [3][-]{subsubsection.2.2.1}{Design}{subsection.2.2}% 9
\BOOKMARK [3][-]{subsubsection.2.2.2}{Simulation}{subsection.2.2}% 10
\BOOKMARK [2][-]{subsection.2.3}{High-Q Bandpass Filter}{section.2}% 11
\BOOKMARK [3][-]{subsubsection.2.3.1}{Design}{subsection.2.3}% 12
\BOOKMARK [3][-]{subsubsection.2.3.2}{Simulation}{subsection.2.3}% 13
\BOOKMARK [2][-]{subsection.2.4}{Power Amplifier}{section.2}% 14
\BOOKMARK [3][-]{subsubsection.2.4.1}{Design}{subsection.2.4}% 15
\BOOKMARK [3][-]{subsubsection.2.4.2}{Simulation}{subsection.2.4}% 16
\BOOKMARK [2][-]{subsection.2.5}{Peak Detector}{section.2}% 17
\BOOKMARK [3][-]{subsubsection.2.5.1}{Design}{subsection.2.5}% 18
\BOOKMARK [3][-]{subsubsection.2.5.2}{Simulation}{subsection.2.5}% 19
\BOOKMARK [2][-]{subsection.2.6}{Bandpass Filter}{section.2}% 20
\BOOKMARK [3][-]{subsubsection.2.6.1}{Design}{subsection.2.6}% 21
\BOOKMARK [3][-]{subsubsection.2.6.2}{Simulation}{subsection.2.6}% 22
\BOOKMARK [2][-]{subsection.2.7}{Schmitt Trigger}{section.2}% 23
\BOOKMARK [3][-]{subsubsection.2.7.1}{Simulation}{subsection.2.7}% 24
\BOOKMARK [2][-]{subsection.2.8}{Buffer Amplifier}{section.2}% 25
\BOOKMARK [3][-]{subsubsection.2.8.1}{Simulation}{subsection.2.8}% 26
\BOOKMARK [1][-]{section.3}{Conclusion and Discussion}{}% 27
